24 24:1 package TkJava.TKU17;
23 23:2 
22 22:3 import net.mindview.util.TextFile;
21 21:4 
20 20:5 import java.util.Arrays;
19 19:6 import java.util.Collection;
18 18:7 import java.util.TreeSet;
17 17:8 
16 16:9 import static print.Print.println;
15 15:10 
14 14:11 public class Ex4 {
13 13:12     static Collection<String> CollectFromText(String fileName) {
12 12:13         String[] sa = TextFile.read(fileName).split(" ");
11 11:14         return Arrays.asList(sa);
10 10:15     }
9 9:16     static Collection<String> CollectFromText2(String fileName) {
8 8:17         String[] sa = TextFile.read(fileName).split(" ");
7 7:18         return new TreeSet<String>(new TextFile(fileName, "\\W+"));
6 6:19     }
5 5:20     public static void main(String[] args) {
4 4:21         println(CollectFromText("Ex4.java"));
3 3:22         println(CollectFromText2("Ex4.java"));
2 2:23     }
1 1:24 }
